Copyright 1986-2017 Xilinx, Inc. All Rights Reserved.
------------------------------------------------------------------------------------
| Tool Version : Vivado v.2017.2 (lin64) Build 1909853 Thu Jun 15 18:39:10 MDT 2017
| Date         : Thu Mar  8 22:04:38 2018
| Host         : t480s running 64-bit unknown
| Command      : report_timing_summary -file ../IMPL/post_route_timing_summary.rpt
| Design       : fifo
| Device       : 7vx485t-ffg1761
| Speed File   : -2  PRODUCTION 1.12 2014-09-11
------------------------------------------------------------------------------------

Timing Summary Report

------------------------------------------------------------------------------------------------
| Timer Settings
| --------------
------------------------------------------------------------------------------------------------

  Enable Multi Corner Analysis               :  Yes
  Enable Pessimism Removal                   :  Yes
  Pessimism Removal Resolution               :  Nearest Common Node
  Enable Input Delay Default Clock           :  No
  Enable Preset / Clear Arcs                 :  No
  Disable Flight Delays                      :  No
  Ignore I/O Paths                           :  No
  Timing Early Launch at Borrowing Latches   :  false

  Corner  Analyze    Analyze    
  Name    Max Paths  Min Paths  
  ------  ---------  ---------  
  Slow    Yes        Yes        
  Fast    Yes        Yes        



check_timing report

Table of Contents
-----------------
1. checking no_clock
2. checking constant_clock
3. checking pulse_width_clock
4. checking unconstrained_internal_endpoints
5. checking no_input_delay
6. checking no_output_delay
7. checking multiple_clock
8. checking generated_clocks
9. checking loops
10. checking partial_input_delay
11. checking partial_output_delay
12. checking latch_loops

1. checking no_clock
--------------------
 There are 0 register/latch pins with no clock.


2. checking constant_clock
--------------------------
 There are 0 register/latch pins with constant_clock.


3. checking pulse_width_clock
-----------------------------
 There are 0 register/latch pins which need pulse_width check


4. checking unconstrained_internal_endpoints
--------------------------------------------
 There are 0 pins that are not constrained for maximum delay.

 There are 0 pins that are not constrained for maximum delay due to constant clock.


5. checking no_input_delay
--------------------------
 There are 23 input ports with no input delay specified. (HIGH)

 There are 0 input ports with no input delay but user has a false path constraint.


6. checking no_output_delay
---------------------------
 There are 22 ports with no output delay specified. (HIGH)

 There are 0 ports with no output delay but user has a false path constraint

 There are 0 ports with no output delay but with a timing clock defined on it or propagating through it


7. checking multiple_clock
--------------------------
 There are 0 register/latch pins with multiple clocks.


8. checking generated_clocks
----------------------------
 There are 0 generated clocks that are not connected to a clock source.


9. checking loops
-----------------
 There are 0 combinational loops in the design.


10. checking partial_input_delay
--------------------------------
 There are 0 input ports with partial input delay specified.


11. checking partial_output_delay
---------------------------------
 There are 0 ports with partial output delay specified.


12. checking latch_loops
------------------------
 There are 0 combinational latch loops in the design through latch input



------------------------------------------------------------------------------------------------
| Design Timing Summary
| ---------------------
------------------------------------------------------------------------------------------------

    WNS(ns)      TNS(ns)  TNS Failing Endpoints  TNS Total Endpoints      WHS(ns)      THS(ns)  THS Failing Endpoints  THS Total Endpoints     WPWS(ns)     TPWS(ns)  TPWS Failing Endpoints  TPWS Total Endpoints  
    -------      -------  ---------------------  -------------------      -------      -------  ---------------------  -------------------     --------     --------  ----------------------  --------------------  
      7.164        0.000                      0                   86        0.126        0.000                      0                   86        4.600        0.000                       0                    27  


All user specified timing constraints are met.


------------------------------------------------------------------------------------------------
| Clock Summary
| -------------
------------------------------------------------------------------------------------------------

Clock    Waveform(ns)       Period(ns)      Frequency(MHz)
-----    ------------       ----------      --------------
clk_100  {0.000 5.000}      10.000          100.000         


------------------------------------------------------------------------------------------------
| Intra Clock Table
| -----------------
------------------------------------------------------------------------------------------------

Clock             WNS(ns)      TNS(ns)  TNS Failing Endpoints  TNS Total Endpoints      WHS(ns)      THS(ns)  THS Failing Endpoints  THS Total Endpoints     WPWS(ns)     TPWS(ns)  TPWS Failing Endpoints  TPWS Total Endpoints  
-----             -------      -------  ---------------------  -------------------      -------      -------  ---------------------  -------------------     --------     --------  ----------------------  --------------------  
clk_100             7.164        0.000                      0                   86        0.126        0.000                      0                   86        4.600        0.000                       0                    27  


------------------------------------------------------------------------------------------------
| Inter Clock Table
| -----------------
------------------------------------------------------------------------------------------------

From Clock    To Clock          WNS(ns)      TNS(ns)  TNS Failing Endpoints  TNS Total Endpoints      WHS(ns)      THS(ns)  THS Failing Endpoints  THS Total Endpoints  
----------    --------          -------      -------  ---------------------  -------------------      -------      -------  ---------------------  -------------------  


------------------------------------------------------------------------------------------------
| Other Path Groups Table
| -----------------------
------------------------------------------------------------------------------------------------

Path Group    From Clock    To Clock          WNS(ns)      TNS(ns)  TNS Failing Endpoints  TNS Total Endpoints      WHS(ns)      THS(ns)  THS Failing Endpoints  THS Total Endpoints  
----------    ----------    --------          -------      -------  ---------------------  -------------------      -------      -------  ---------------------  -------------------  


------------------------------------------------------------------------------------------------
| Timing Details
| --------------
------------------------------------------------------------------------------------------------


---------------------------------------------------------------------------------------------------
From Clock:  clk_100
  To Clock:  clk_100

Setup :            0  Failing Endpoints,  Worst Slack        7.164ns,  Total Violation        0.000ns
Hold  :            0  Failing Endpoints,  Worst Slack        0.126ns,  Total Violation        0.000ns
PW    :            0  Failing Endpoints,  Worst Slack        4.600ns,  Total Violation        0.000ns
---------------------------------------------------------------------------------------------------


Max Delay Paths
--------------------------------------------------------------------------------------
Slack (MET) :             7.164ns  (required time - arrival time)
  Source:                 rd_addr_reg[5]/C
                            (rising edge-triggered cell FDRE clocked by clk_100  {rise@0.000ns fall@5.000ns period=10.000ns})
  Destination:            full_reg_reg/D
                            (rising edge-triggered cell FDRE clocked by clk_100  {rise@0.000ns fall@5.000ns period=10.000ns})
  Path Group:             clk_100
  Path Type:              Setup (Max at Slow Process Corner)
  Requirement:            10.000ns  (clk_100 rise@10.000ns - clk_100 rise@0.000ns)
  Data Path Delay:        2.731ns  (logic 0.657ns (24.053%)  route 2.074ns (75.947%))
  Logic Levels:           6  (CARRY4=1 LUT5=2 LUT6=3)
  Clock Path Skew:        -0.102ns (DCD - SCD + CPR)
    Destination Clock Delay (DCD):    4.872ns = ( 14.872 - 10.000 ) 
    Source Clock Delay      (SCD):    5.317ns
    Clock Pessimism Removal (CPR):    0.342ns
  Clock Uncertainty:      0.035ns  ((TSJ^2 + TIJ^2)^1/2 + DJ) / 2 + PE
    Total System Jitter     (TSJ):    0.071ns
    Total Input Jitter      (TIJ):    0.000ns
    Discrete Jitter          (DJ):    0.000ns
    Phase Error              (PE):    0.000ns

    Location             Delay type                Incr(ns)  Path(ns)    Netlist Resource(s)
  -------------------------------------------------------------------    -------------------
                         (clock clk_100 rise edge)    0.000     0.000 r  
    AU32                                              0.000     0.000 r  iClk (IN)
                         net (fo=0)                   0.000     0.000    iClk
    AU32                 IBUF (Prop_ibuf_I_O)         0.642     0.642 r  iClk_IBUF_inst/O
                         net (fo=1, routed)           2.644     3.286    iClk_IBUF
    BUFGCTRL_X0Y0        BUFG (Prop_bufg_I_O)         0.093     3.379 r  iClk_IBUF_BUFG_inst/O
                         net (fo=26, routed)          1.938     5.317    iClk_IBUF_BUFG
    SLICE_X42Y31         FDRE                                         r  rd_addr_reg[5]/C
  -------------------------------------------------------------------    -------------------
    SLICE_X42Y31         FDRE (Prop_fdre_C_Q)         0.259     5.576 r  rd_addr_reg[5]/Q
                         net (fo=7, routed)           0.635     6.210    rd_addr_reg_n_0_[5]
    SLICE_X43Y33         LUT6 (Prop_lut6_I0_O)        0.043     6.253 r  full_reg_i_10/O
                         net (fo=4, routed)           0.333     6.587    full_reg_i_10_n_0
    SLICE_X43Y34         LUT5 (Prop_lut5_I2_O)        0.043     6.630 f  full_reg_i_11/O
                         net (fo=1, routed)           0.359     6.988    full_reg_i_11_n_0
    SLICE_X42Y34         LUT6 (Prop_lut6_I5_O)        0.043     7.031 r  full_reg_i_7/O
                         net (fo=1, routed)           0.000     7.031    full_reg_i_7_n_0
    SLICE_X42Y34         CARRY4 (Prop_carry4_S[2]_CO[3])
                                                      0.183     7.214 r  full_reg_reg_i_3/CO[3]
                         net (fo=1, routed)           0.330     7.544    full_next2
    SLICE_X41Y33         LUT6 (Prop_lut6_I2_O)        0.043     7.587 r  full_reg_i_2/O
                         net (fo=1, routed)           0.418     8.005    full_next
    SLICE_X44Y33         LUT5 (Prop_lut5_I0_O)        0.043     8.048 r  full_reg_i_1/O
                         net (fo=1, routed)           0.000     8.048    full_reg_i_1_n_0
    SLICE_X44Y33         FDRE                                         r  full_reg_reg/D
  -------------------------------------------------------------------    -------------------

                         (clock clk_100 rise edge)   10.000    10.000 r  
    AU32                                              0.000    10.000 r  iClk (IN)
                         net (fo=0)                   0.000    10.000    iClk
    AU32                 IBUF (Prop_ibuf_I_O)         0.535    10.535 r  iClk_IBUF_inst/O
                         net (fo=1, routed)           2.510    13.045    iClk_IBUF
    BUFGCTRL_X0Y0        BUFG (Prop_bufg_I_O)         0.083    13.128 r  iClk_IBUF_BUFG_inst/O
                         net (fo=26, routed)          1.744    14.872    iClk_IBUF_BUFG
    SLICE_X44Y33         FDRE                                         r  full_reg_reg/C
                         clock pessimism              0.342    15.215    
                         clock uncertainty           -0.035    15.179    
    SLICE_X44Y33         FDRE (Setup_fdre_C_D)        0.033    15.212    full_reg_reg
  -------------------------------------------------------------------
                         required time                         15.212    
                         arrival time                          -8.048    
  -------------------------------------------------------------------
                         slack                                  7.164    





Min Delay Paths
--------------------------------------------------------------------------------------
Slack (MET) :             0.126ns  (arrival time - required time)
  Source:                 rd_addr_reg[7]/C
                            (rising edge-triggered cell FDRE clocked by clk_100  {rise@0.000ns fall@5.000ns period=10.000ns})
  Destination:            I_DPRAM_SCLK/MEM_reg_0/ADDRBWRADDR[11]
                            (rising edge-triggered cell RAMB36E1 clocked by clk_100  {rise@0.000ns fall@5.000ns period=10.000ns})
  Path Group:             clk_100
  Path Type:              Hold (Min at Fast Process Corner)
  Requirement:            0.000ns  (clk_100 rise@0.000ns - clk_100 rise@0.000ns)
  Data Path Delay:        0.312ns  (logic 0.091ns (29.189%)  route 0.221ns (70.811%))
  Logic Levels:           0  
  Clock Path Skew:        0.041ns (DCD - SCD - CPR)
    Destination Clock Delay (DCD):    2.798ns
    Source Clock Delay      (SCD):    2.267ns
    Clock Pessimism Removal (CPR):    0.490ns

    Location             Delay type                Incr(ns)  Path(ns)    Netlist Resource(s)
  -------------------------------------------------------------------    -------------------
                         (clock clk_100 rise edge)    0.000     0.000 r  
    AU32                                              0.000     0.000 r  iClk (IN)
                         net (fo=0)                   0.000     0.000    iClk
    AU32                 IBUF (Prop_ibuf_I_O)         0.148     0.148 r  iClk_IBUF_inst/O
                         net (fo=1, routed)           1.274     1.422    iClk_IBUF
    BUFGCTRL_X0Y0        BUFG (Prop_bufg_I_O)         0.026     1.448 r  iClk_IBUF_BUFG_inst/O
                         net (fo=26, routed)          0.819     2.267    iClk_IBUF_BUFG
    SLICE_X43Y32         FDRE                                         r  rd_addr_reg[7]/C
  -------------------------------------------------------------------    -------------------
    SLICE_X43Y32         FDRE (Prop_fdre_C_Q)         0.091     2.358 r  rd_addr_reg[7]/Q
                         net (fo=11, routed)          0.221     2.579    I_DPRAM_SCLK/rd_addr_reg[9][7]
    RAMB36_X3Y6          RAMB36E1                                     r  I_DPRAM_SCLK/MEM_reg_0/ADDRBWRADDR[11]
  -------------------------------------------------------------------    -------------------

                         (clock clk_100 rise edge)    0.000     0.000 r  
    AU32                                              0.000     0.000 r  iClk (IN)
                         net (fo=0)                   0.000     0.000    iClk
    AU32                 IBUF (Prop_ibuf_I_O)         0.315     0.315 r  iClk_IBUF_inst/O
                         net (fo=1, routed)           1.346     1.661    iClk_IBUF
    BUFGCTRL_X0Y0        BUFG (Prop_bufg_I_O)         0.030     1.691 r  iClk_IBUF_BUFG_inst/O
                         net (fo=26, routed)          1.108     2.798    I_DPRAM_SCLK/iClk_IBUF_BUFG
    RAMB36_X3Y6          RAMB36E1                                     r  I_DPRAM_SCLK/MEM_reg_0/CLKBWRCLK
                         clock pessimism             -0.490     2.308    
    RAMB36_X3Y6          RAMB36E1 (Hold_ramb36e1_CLKBWRCLK_ADDRBWRADDR[11])
                                                      0.145     2.453    I_DPRAM_SCLK/MEM_reg_0
  -------------------------------------------------------------------
                         required time                         -2.453    
                         arrival time                           2.579    
  -------------------------------------------------------------------
                         slack                                  0.126    





Pulse Width Checks
--------------------------------------------------------------------------------------
Clock Name:         clk_100
Waveform(ns):       { 0.000 5.000 }
Period(ns):         10.000
Sources:            { iClk }

Check Type        Corner  Lib Pin             Reference Pin  Required(ns)  Actual(ns)  Slack(ns)  Location      Pin
Min Period        n/a     RAMB18E1/CLKARDCLK  n/a            2.095         10.000      7.905      RAMB18_X3Y14  I_DPRAM_SCLK/MEM_reg_1/CLKARDCLK
Low Pulse Width   Slow    FDRE/C              n/a            0.400         5.000       4.600      SLICE_X42Y32  wr_addr_reg[8]/C
High Pulse Width  Slow    FDRE/C              n/a            0.350         5.000       4.650      SLICE_X42Y32  wr_addr_reg[8]/C



