Copyright 1986-2017 Xilinx, Inc. All Rights Reserved.
------------------------------------------------------------------------------------
| Tool Version : Vivado v.2017.2 (lin64) Build 1909853 Thu Jun 15 18:39:10 MDT 2017
| Date         : Thu Mar  8 22:04:06 2018
| Host         : t480s running 64-bit unknown
| Command      : report_clocks -file ../SYNTH/clocks.rpt
| Design       : fifo
| Device       : 7vx485t-ffg1761
| Speed File   : -2  PRODUCTION 1.12 2014-09-11
------------------------------------------------------------------------------------

Clock Report


Attributes
  P: Propagated
  G: Generated
  A: Auto-derived
  R: Renamed
  V: Virtual
  I: Inverted

Clock    Period(ns)  Waveform(ns)   Attributes  Sources
clk_100  10.000      {0.000 5.000}  P           {iClk}


====================================================
Generated Clocks
====================================================



====================================================
User Uncertainty
====================================================



====================================================
User Jitter
====================================================


