Copyright 1986-2017 Xilinx, Inc. All Rights Reserved.
------------------------------------------------------------------------------------
| Tool Version : Vivado v.2017.2 (lin64) Build 1909853 Thu Jun 15 18:39:10 MDT 2017
| Date         : Thu Mar  8 22:04:06 2018
| Host         : t480s running 64-bit unknown
| Command      : report_timing_summary -file ../SYNTH/post_synth_timing_summary.rpt
| Design       : fifo
| Device       : 7vx485t-ffg1761
| Speed File   : -2  PRODUCTION 1.12 2014-09-11
------------------------------------------------------------------------------------

Timing Summary Report

------------------------------------------------------------------------------------------------
| Timer Settings
| --------------
------------------------------------------------------------------------------------------------

  Enable Multi Corner Analysis               :  Yes
  Enable Pessimism Removal                   :  Yes
  Pessimism Removal Resolution               :  Nearest Common Node
  Enable Input Delay Default Clock           :  No
  Enable Preset / Clear Arcs                 :  No
  Disable Flight Delays                      :  No
  Ignore I/O Paths                           :  No
  Timing Early Launch at Borrowing Latches   :  false

  Corner  Analyze    Analyze    
  Name    Max Paths  Min Paths  
  ------  ---------  ---------  
  Slow    Yes        Yes        
  Fast    Yes        Yes        



check_timing report

Table of Contents
-----------------
1. checking no_clock
2. checking constant_clock
3. checking pulse_width_clock
4. checking unconstrained_internal_endpoints
5. checking no_input_delay
6. checking no_output_delay
7. checking multiple_clock
8. checking generated_clocks
9. checking loops
10. checking partial_input_delay
11. checking partial_output_delay
12. checking latch_loops

1. checking no_clock
--------------------
 There are 0 register/latch pins with no clock.


2. checking constant_clock
--------------------------
 There are 0 register/latch pins with constant_clock.


3. checking pulse_width_clock
-----------------------------
 There are 0 register/latch pins which need pulse_width check


4. checking unconstrained_internal_endpoints
--------------------------------------------
 There are 0 pins that are not constrained for maximum delay.

 There are 0 pins that are not constrained for maximum delay due to constant clock.


5. checking no_input_delay
--------------------------
 There are 23 input ports with no input delay specified. (HIGH)

 There are 0 input ports with no input delay but user has a false path constraint.


6. checking no_output_delay
---------------------------
 There are 22 ports with no output delay specified. (HIGH)

 There are 0 ports with no output delay but user has a false path constraint

 There are 0 ports with no output delay but with a timing clock defined on it or propagating through it


7. checking multiple_clock
--------------------------
 There are 0 register/latch pins with multiple clocks.


8. checking generated_clocks
----------------------------
 There are 0 generated clocks that are not connected to a clock source.


9. checking loops
-----------------
 There are 0 combinational loops in the design.


10. checking partial_input_delay
--------------------------------
 There are 0 input ports with partial input delay specified.


11. checking partial_output_delay
---------------------------------
 There are 0 ports with partial output delay specified.


12. checking latch_loops
------------------------
 There are 0 combinational latch loops in the design through latch input



------------------------------------------------------------------------------------------------
| Design Timing Summary
| ---------------------
------------------------------------------------------------------------------------------------

    WNS(ns)      TNS(ns)  TNS Failing Endpoints  TNS Total Endpoints      WHS(ns)      THS(ns)  THS Failing Endpoints  THS Total Endpoints     WPWS(ns)     TPWS(ns)  TPWS Failing Endpoints  TPWS Total Endpoints  
    -------      -------  ---------------------  -------------------      -------      -------  ---------------------  -------------------     --------     --------  ----------------------  --------------------  
      7.335        0.000                      0                   86        0.041        0.000                      0                   86        4.650        0.000                       0                    27  


All user specified timing constraints are met.


------------------------------------------------------------------------------------------------
| Clock Summary
| -------------
------------------------------------------------------------------------------------------------

Clock    Waveform(ns)       Period(ns)      Frequency(MHz)
-----    ------------       ----------      --------------
clk_100  {0.000 5.000}      10.000          100.000         


------------------------------------------------------------------------------------------------
| Intra Clock Table
| -----------------
------------------------------------------------------------------------------------------------

Clock             WNS(ns)      TNS(ns)  TNS Failing Endpoints  TNS Total Endpoints      WHS(ns)      THS(ns)  THS Failing Endpoints  THS Total Endpoints     WPWS(ns)     TPWS(ns)  TPWS Failing Endpoints  TPWS Total Endpoints  
-----             -------      -------  ---------------------  -------------------      -------      -------  ---------------------  -------------------     --------     --------  ----------------------  --------------------  
clk_100             7.335        0.000                      0                   86        0.041        0.000                      0                   86        4.650        0.000                       0                    27  


------------------------------------------------------------------------------------------------
| Inter Clock Table
| -----------------
------------------------------------------------------------------------------------------------

From Clock    To Clock          WNS(ns)      TNS(ns)  TNS Failing Endpoints  TNS Total Endpoints      WHS(ns)      THS(ns)  THS Failing Endpoints  THS Total Endpoints  
----------    --------          -------      -------  ---------------------  -------------------      -------      -------  ---------------------  -------------------  


------------------------------------------------------------------------------------------------
| Other Path Groups Table
| -----------------------
------------------------------------------------------------------------------------------------

Path Group    From Clock    To Clock          WNS(ns)      TNS(ns)  TNS Failing Endpoints  TNS Total Endpoints      WHS(ns)      THS(ns)  THS Failing Endpoints  THS Total Endpoints  
----------    ----------    --------          -------      -------  ---------------------  -------------------      -------      -------  ---------------------  -------------------  


------------------------------------------------------------------------------------------------
| Timing Details
| --------------
------------------------------------------------------------------------------------------------


---------------------------------------------------------------------------------------------------
From Clock:  clk_100
  To Clock:  clk_100

Setup :            0  Failing Endpoints,  Worst Slack        7.335ns,  Total Violation        0.000ns
Hold  :            0  Failing Endpoints,  Worst Slack        0.041ns,  Total Violation        0.000ns
PW    :            0  Failing Endpoints,  Worst Slack        4.650ns,  Total Violation        0.000ns
---------------------------------------------------------------------------------------------------


Max Delay Paths
--------------------------------------------------------------------------------------
Slack (MET) :             7.335ns  (required time - arrival time)
  Source:                 rd_addr_reg[5]/C
                            (rising edge-triggered cell FDRE clocked by clk_100  {rise@0.000ns fall@5.000ns period=10.000ns})
  Destination:            full_reg_reg/D
                            (rising edge-triggered cell FDRE clocked by clk_100  {rise@0.000ns fall@5.000ns period=10.000ns})
  Path Group:             clk_100
  Path Type:              Setup (Max at Slow Process Corner)
  Requirement:            10.000ns  (clk_100 rise@10.000ns - clk_100 rise@0.000ns)
  Data Path Delay:        2.521ns  (logic 0.713ns (28.282%)  route 1.808ns (71.718%))
  Logic Levels:           6  (CARRY4=1 LUT5=2 LUT6=3)
  Clock Path Skew:        -0.145ns (DCD - SCD + CPR)
    Destination Clock Delay (DCD):    1.465ns = ( 11.465 - 10.000 ) 
    Source Clock Delay      (SCD):    1.749ns
    Clock Pessimism Removal (CPR):    0.139ns
  Clock Uncertainty:      0.035ns  ((TSJ^2 + TIJ^2)^1/2 + DJ) / 2 + PE
    Total System Jitter     (TSJ):    0.071ns
    Total Input Jitter      (TIJ):    0.000ns
    Discrete Jitter          (DJ):    0.000ns
    Phase Error              (PE):    0.000ns

    Location             Delay type                Incr(ns)  Path(ns)    Netlist Resource(s)
  -------------------------------------------------------------------    -------------------
                         (clock clk_100 rise edge)    0.000     0.000 r  
                                                      0.000     0.000 r  iClk (IN)
                         net (fo=0)                   0.000     0.000    iClk
                         IBUF (Prop_ibuf_I_O)         0.606     0.606 r  iClk_IBUF_inst/O
                         net (fo=1, unplaced)         0.466     1.072    iClk_IBUF
                         BUFG (Prop_bufg_I_O)         0.093     1.165 r  iClk_IBUF_BUFG_inst/O
                         net (fo=26, unplaced)        0.584     1.749    iClk_IBUF_BUFG
                         FDRE                                         r  rd_addr_reg[5]/C
  -------------------------------------------------------------------    -------------------
                         FDRE (Prop_fdre_C_Q)         0.223     1.972 r  rd_addr_reg[5]/Q
                         net (fo=7, unplaced)         0.562     2.534    rd_addr_reg_n_0_[5]
                         LUT6 (Prop_lut6_I0_O)        0.123     2.657 r  full_reg_i_10/O
                         net (fo=4, unplaced)         0.294     2.951    full_reg_i_10_n_0
                         LUT5 (Prop_lut5_I2_O)        0.043     2.994 f  full_reg_i_11/O
                         net (fo=1, unplaced)         0.270     3.264    full_reg_i_11_n_0
                         LUT6 (Prop_lut6_I5_O)        0.043     3.307 r  full_reg_i_7/O
                         net (fo=1, unplaced)         0.000     3.307    full_reg_i_7_n_0
                         CARRY4 (Prop_carry4_S[2]_CO[3])
                                                      0.195     3.502 r  full_reg_reg_i_3/CO[3]
                         net (fo=1, unplaced)         0.412     3.914    full_next2
                         LUT6 (Prop_lut6_I2_O)        0.043     3.957 r  full_reg_i_2/O
                         net (fo=1, unplaced)         0.270     4.227    full_next
                         LUT5 (Prop_lut5_I0_O)        0.043     4.270 r  full_reg_i_1/O
                         net (fo=1, unplaced)         0.000     4.270    full_reg_i_1_n_0
                         FDRE                                         r  full_reg_reg/D
  -------------------------------------------------------------------    -------------------

                         (clock clk_100 rise edge)   10.000    10.000 r  
                                                      0.000    10.000 r  iClk (IN)
                         net (fo=0)                   0.000    10.000    iClk
                         IBUF (Prop_ibuf_I_O)         0.500    10.500 r  iClk_IBUF_inst/O
                         net (fo=1, unplaced)         0.443    10.943    iClk_IBUF
                         BUFG (Prop_bufg_I_O)         0.083    11.026 r  iClk_IBUF_BUFG_inst/O
                         net (fo=26, unplaced)        0.439    11.465    iClk_IBUF_BUFG
                         FDRE                                         r  full_reg_reg/C
                         clock pessimism              0.139    11.604    
                         clock uncertainty           -0.035    11.569    
                         FDRE (Setup_fdre_C_D)        0.036    11.605    full_reg_reg
  -------------------------------------------------------------------
                         required time                         11.605    
                         arrival time                          -4.270    
  -------------------------------------------------------------------
                         slack                                  7.335    





Min Delay Paths
--------------------------------------------------------------------------------------
Slack (MET) :             0.041ns  (arrival time - required time)
  Source:                 wr_addr_reg[6]/C
                            (rising edge-triggered cell FDRE clocked by clk_100  {rise@0.000ns fall@5.000ns period=10.000ns})
  Destination:            I_DPRAM_SCLK/MEM_reg_0/ADDRARDADDR[10]
                            (rising edge-triggered cell RAMB36E1 clocked by clk_100  {rise@0.000ns fall@5.000ns period=10.000ns})
  Path Group:             clk_100
  Path Type:              Hold (Min at Fast Process Corner)
  Requirement:            0.000ns  (clk_100 rise@0.000ns - clk_100 rise@0.000ns)
  Data Path Delay:        0.331ns  (logic 0.100ns (30.184%)  route 0.231ns (69.816%))
  Logic Levels:           0  
  Clock Path Skew:        0.145ns (DCD - SCD - CPR)
    Destination Clock Delay (DCD):    0.811ns
    Source Clock Delay      (SCD):    0.484ns
    Clock Pessimism Removal (CPR):    0.182ns

    Location             Delay type                Incr(ns)  Path(ns)    Netlist Resource(s)
  -------------------------------------------------------------------    -------------------
                         (clock clk_100 rise edge)    0.000     0.000 r  
                                                      0.000     0.000 r  iClk (IN)
                         net (fo=0)                   0.000     0.000    iClk
                         IBUF (Prop_ibuf_I_O)         0.113     0.113 r  iClk_IBUF_inst/O
                         net (fo=1, unplaced)         0.231     0.344    iClk_IBUF
                         BUFG (Prop_bufg_I_O)         0.026     0.370 r  iClk_IBUF_BUFG_inst/O
                         net (fo=26, unplaced)        0.114     0.484    iClk_IBUF_BUFG
                         FDRE                                         r  wr_addr_reg[6]/C
  -------------------------------------------------------------------    -------------------
                         FDRE (Prop_fdre_C_Q)         0.100     0.584 r  wr_addr_reg[6]/Q
                         net (fo=12, unplaced)        0.231     0.815    I_DPRAM_SCLK/Q[6]
                         RAMB36E1                                     r  I_DPRAM_SCLK/MEM_reg_0/ADDRARDADDR[10]
  -------------------------------------------------------------------    -------------------

                         (clock clk_100 rise edge)    0.000     0.000 r  
                                                      0.000     0.000 r  iClk (IN)
                         net (fo=0)                   0.000     0.000    iClk
                         IBUF (Prop_ibuf_I_O)         0.279     0.279 r  iClk_IBUF_inst/O
                         net (fo=1, unplaced)         0.243     0.522    iClk_IBUF
                         BUFG (Prop_bufg_I_O)         0.030     0.552 r  iClk_IBUF_BUFG_inst/O
                         net (fo=26, unplaced)        0.259     0.811    I_DPRAM_SCLK/iClk_IBUF_BUFG
                         RAMB36E1                                     r  I_DPRAM_SCLK/MEM_reg_0/CLKARDCLK
                         clock pessimism             -0.182     0.629    
                         RAMB36E1 (Hold_ramb36e1_CLKARDCLK_ADDRARDADDR[10])
                                                      0.145     0.774    I_DPRAM_SCLK/MEM_reg_0
  -------------------------------------------------------------------
                         required time                         -0.774    
                         arrival time                           0.815    
  -------------------------------------------------------------------
                         slack                                  0.041    





Pulse Width Checks
--------------------------------------------------------------------------------------
Clock Name:         clk_100
Waveform(ns):       { 0.000 5.000 }
Period(ns):         10.000
Sources:            { iClk }

Check Type        Corner  Lib Pin             Reference Pin  Required(ns)  Actual(ns)  Slack(ns)  Location  Pin
Min Period        n/a     RAMB18E1/CLKARDCLK  n/a            2.095         10.000      7.905                I_DPRAM_SCLK/MEM_reg_1/CLKARDCLK
Low Pulse Width   Slow    FDRE/C              n/a            0.350         5.000       4.650                empty_reg_reg/C
High Pulse Width  Slow    FDRE/C              n/a            0.350         5.000       4.650                empty_reg_reg/C



